Flutter crash report.
Please report a bug at https://github.com/flutter/flutter/issues.

## command

flutter --quiet assemble --no-version-check --depfile D:\Home Services\home_services-v1.0.1\build\app\intermediates\flutter\debug/flutter_build.d --output D:\Home Services\home_services-v1.0.1\build\app\intermediates\flutter\debug -dTargetFile=D:\Home Services\home_services-v1.0.1\lib\main.dart -dTargetPlatform=android -dBuildMode=debug -dTrackWidgetCreation=true --DartDefines=RkxVVFRFUl9XRUJfQVVUT19ERVRFQ1Q9dHJ1ZQ==,RkxVVFRFUl9XRUJfQ0FOVkFTS0lUX1VSTD1odHRwczovL3d3dy5nc3RhdGljLmNvbS9mbHV0dGVyLWNhbnZhc2tpdC85MDY0NDU5YThiMGRjZDMyODc3MTA3ZjYwMDJjYzQyOWE3MTY1OWQxLw== debug_android_application

## exception

PathAccessException: PathAccessException: Cannot delete file, path = 'D:\Home Services\home_services-v1.0.1\build\app\intermediates\flutter\debug\flutter_assets\packages/country_pickers/assets/bh.png' (OS Error: The process cannot access the file because it is being used by another process.
, errno = 32)

```
#0      _File.throwIfError (dart:io/file_impl.dart:675:7)
#1      _File._deleteSync (dart:io/file_impl.dart:329:5)
#2      FileSystemEntity.deleteSync (dart:io/file_system_entity.dart:424:7)
#3      ForwardingFileSystemEntity.deleteSync (package:file/src/forwarding/forwarding_file_system_entity.dart:70:16)
#4      ForwardingFileSystemEntity.deleteSync (package:file/src/forwarding/forwarding_file_system_entity.dart:70:16)
#5      ErrorHandlingFileSystem.deleteIfExists (package:flutter_tools/src/base/error_handling_io.dart:80:12)
#6      FlutterBuildSystem.trackSharedBuildDirectory (package:flutter_tools/src/build_system/build_system.dart:756:33)
#7      FlutterBuildSystem.build (package:flutter_tools/src/build_system/build_system.dart:644:5)
<asynchronous suspension>
#8      AssembleCommand.runCommand (package:flutter_tools/src/commands/assemble.dart:315:32)
<asynchronous suspension>
#9      FlutterCommand.run.<anonymous closure> (package:flutter_tools/src/runner/flutter_command.dart:1297:27)
<asynchronous suspension>
#10     AppContext.run.<anonymous closure> (package:flutter_tools/src/base/context.dart:150:19)
<asynchronous suspension>
#11     CommandRunner.runCommand (package:args/command_runner.dart:212:13)
<asynchronous suspension>
#12     FlutterCommandRunner.runCommand.<anonymous closure> (package:flutter_tools/src/runner/flutter_command_runner.dart:339:9)
<asynchronous suspension>
#13     AppContext.run.<anonymous closure> (package:flutter_tools/src/base/context.dart:150:19)
<asynchronous suspension>
#14     FlutterCommandRunner.runCommand (package:flutter_tools/src/runner/flutter_command_runner.dart:285:5)
<asynchronous suspension>
#15     run.<anonymous closure>.<anonymous closure> (package:flutter_tools/runner.dart:115:9)
<asynchronous suspension>
#16     AppContext.run.<anonymous closure> (package:flutter_tools/src/base/context.dart:150:19)
<asynchronous suspension>
#17     main (package:flutter_tools/executable.dart:90:3)
<asynchronous suspension>
```

## flutter doctor

```
[✓] Flutter (Channel stable, 3.13.4, on Microsoft Windows [Version 10.0.19045.3803], locale en-US)
    • Flutter version 3.13.4 on channel stable at C:\Tools\flutter\flutter
    • Upstream repository https://github.com/flutter/flutter.git
    • Framework revision 367f9ea16b (3 months ago), 2023-09-12 23:27:53 -0500
    • Engine revision 9064459a8b
    • Dart version 3.1.2
    • DevTools version 2.25.0

[✓] Windows Version (Installed version of Windows is version 10 or higher)

[✓] Android toolchain - develop for Android devices (Android SDK version 34.0.0)
    • Android SDK at C:\Tools\Android_SDK\
    • Platform android-33, build-tools 34.0.0
    • Java binary at: C:\Program Files\Android\Android Studio\jbr\bin\java
    • Java version OpenJDK Runtime Environment (build 17.0.6+0-b2043.56-10027231)
    • All Android licenses accepted.

[✓] Chrome - develop for the web
    • Chrome at C:\Program Files\Google\Chrome\Application\chrome.exe

[!] Visual Studio - develop Windows apps (Visual Studio Community 2022 17.7.3)
    • Visual Studio at C:\Program Files\Microsoft Visual Studio\2022\Community
    • Visual Studio Community 2022 version 17.7.34024.191
    • Windows 10 SDK version 10.0.22621.0
    ✗ Visual Studio is missing necessary components. Please re-run the Visual Studio installer for the "Desktop development with C++" workload, and include these components:
        MSVC v142 - VS 2019 C++ x64/x86 build tools
         - If there are multiple build tool versions available, install the latest
        C++ CMake tools for Windows
        Windows 10 SDK

[✓] Android Studio (version 2022.3)
    • Android Studio at C:\Program Files\Android\Android Studio
    • Flutter plugin can be installed from:
      🔨 https://plugins.jetbrains.com/plugin/9212-flutter
    • Dart plugin can be installed from:
      🔨 https://plugins.jetbrains.com/plugin/6351-dart
    • Java version OpenJDK Runtime Environment (build 17.0.6+0-b2043.56-10027231)

[✓] VS Code (version 1.85.1)
    • VS Code at C:\Users\Mehboob Ahmad\AppData\Local\Programs\Microsoft VS Code
    • Flutter extension version 3.78.0

[✓] Connected device (4 available)
    • vivo 1901 (mobile) • QGTCEUJ7UGGYHA6H • android-arm64  • Android 11 (API 30)
    • Windows (desktop)  • windows          • windows-x64    • Microsoft Windows [Version 10.0.19045.3803]
    • Chrome (web)       • chrome           • web-javascript • Google Chrome 120.0.6099.129
    • Edge (web)         • edge             • web-javascript • Microsoft Edge 120.0.2210.91

[✓] Network resources
    • All expected network resources are available.

! Doctor found issues in 1 category.
```
